This file contains any messages produced by compilers while
running configure, to aid debugging if configure makes a mistake.

It was created by titan configure 2.0.2, which was
generated by GNU Autoconf 2.69.  Invocation command line was

  $ ./configure CC=mpicc CXX=mpicxx FC=mpif90 CPPFLAGS=-mt_mpi -DMPICH_IGNORE_CXX_SEEK -DMPICH_SKIP_MPICXX -I/util/academic/petsc/3.5.3/linux-impi/include -I/util/academic/petsc/3.5.3/include -DH5_USE_16_API CFLAGS=-mt_mpi -DMPICH_IGNORE_CXX_SEEK -DMPICH_SKIP_MPICXX -I/util/academic/petsc/3.5.3/linux-impi/include -I/util/academic/petsc/3.5.3/include -DH5_USE_16_API CXXFLAGS=-mt_mpi -DMPICH_IGNORE_CXX_SEEK -DMPICH_SKIP_MPICXX -I/util/academic/petsc/3.5.3/linux-impi/include -I/util/academic/petsc/3.5.3/include -DH5_USE_16_API LDFLAGS= -L/util/academic/petsc/3.5.3/linux-impi/lib LIBS=-lpetsc

## --------- ##
## Platform. ##
## --------- ##

hostname = srv-k07-14.cbls.ccr.buffalo.edu
uname -m = x86_64
uname -r = 3.10.0-229.11.1.el7.x86_64
uname -s = Linux
uname -v = #1 SMP Thu Aug 6 01:06:18 UTC 2015

/usr/bin/uname -p = x86_64
/bin/uname -X     = unknown

/bin/arch              = x86_64
/usr/bin/arch -k       = unknown
/usr/convex/getsysinfo = unknown
/usr/bin/hostinfo      = unknown
/bin/machine           = unknown
/usr/bin/oslevel       = unknown
/bin/universe          = unknown

PATH: /util/academic/hdf5/1.8.15p1/bin
PATH: /util/academic/intel/composer_xe_2013.5.192/bin/intel64
PATH: /util/academic/intel/impi/4.1.3.049/intel64/bin
PATH: /util/Lmod/lmod/lmod/libexec
PATH: /usr/lib64/qt-3.3/bin
PATH: /usr/local/bin
PATH: /usr/bin
PATH: /usr/local/sbin
PATH: /usr/sbin
PATH: /usr/lpp/mmfs/bin
PATH: /opt/dell/srvadmin/bin


## ----------- ##
## Core tests. ##
## ----------- ##

configure:2407: checking for a BSD-compatible install
configure:2475: result: /usr/bin/install -c
configure:2486: checking whether build environment is sane
configure:2541: result: yes
configure:2579: WARNING: 'missing' script is too old or missing
configure:2692: checking for a thread-safe mkdir -p
configure:2731: result: /usr/bin/mkdir -p
configure:2738: checking for gawk
configure:2754: found /usr/bin/gawk
configure:2765: result: gawk
configure:2776: checking whether make sets $(MAKE)
configure:2798: result: yes
configure:2827: checking whether make supports nested variables
configure:2844: result: yes
configure:3054: checking for C++ compiler version
configure:3063: mpicxx --version >&5
g++ (GCC) 4.8.3 20140911 (Red Hat 4.8.3-9)
Copyright (C) 2013 Free Software Foundation, Inc.
This is free software; see the source for copying conditions.  There is NO
warranty; not even for MERCHANTABILITY or FITNESS FOR A PARTICULAR PURPOSE.

configure:3074: $? = 0
configure:3063: mpicxx -v >&5
mpigxx for the Intel(R) MPI Library 4.1 for Linux*
Copyright(C) 2003-2014, Intel Corporation.  All rights reserved.
Using built-in specs.
COLLECT_GCC=g++
COLLECT_LTO_WRAPPER=/usr/libexec/gcc/x86_64-redhat-linux/4.8.3/lto-wrapper
Target: x86_64-redhat-linux
Configured with: ../configure --prefix=/usr --mandir=/usr/share/man --infodir=/usr/share/info --with-bugurl=http://bugzilla.redhat.com/bugzilla --enable-bootstrap --enable-shared --enable-threads=posix --enable-checking=release --with-system-zlib --enable-__cxa_atexit --disable-libunwind-exceptions --enable-gnu-unique-object --enable-linker-build-id --with-linker-hash-style=gnu --enable-languages=c,c++,objc,obj-c++,java,fortran,ada,go,lto --enable-plugin --enable-initfini-array --disable-libgcj --with-isl=/builddir/build/BUILD/gcc-4.8.3-20140911/obj-x86_64-redhat-linux/isl-install --with-cloog=/builddir/build/BUILD/gcc-4.8.3-20140911/obj-x86_64-redhat-linux/cloog-install --enable-gnu-indirect-function --with-tune=generic --with-arch_32=x86-64 --build=x86_64-redhat-linux
Thread model: posix
gcc version 4.8.3 20140911 (Red Hat 4.8.3-9) (GCC) 
configure:3074: $? = 0
configure:3063: mpicxx -V >&5
g++: error: unrecognized command line option '-V'
configure:3074: $? = 1
configure:3063: mpicxx -qversion >&5
g++: error: unrecognized command line option '-qversion'
configure:3074: $? = 1
configure:3094: checking whether the C++ compiler works
configure:3116: mpicxx -mt_mpi -DMPICH_IGNORE_CXX_SEEK -DMPICH_SKIP_MPICXX -I/util/academic/petsc/3.5.3/linux-impi/include -I/util/academic/petsc/3.5.3/include -DH5_USE_16_API -mt_mpi -DMPICH_IGNORE_CXX_SEEK -DMPICH_SKIP_MPICXX -I/util/academic/petsc/3.5.3/linux-impi/include -I/util/academic/petsc/3.5.3/include -DH5_USE_16_API  -L/util/academic/petsc/3.5.3/linux-impi/lib conftest.cpp -lpetsc >&5
configure:3120: $? = 0
configure:3168: result: yes
configure:3171: checking for C++ compiler default output file name
configure:3173: result: a.out
configure:3179: checking for suffix of executables
configure:3186: mpicxx -o conftest -mt_mpi -DMPICH_IGNORE_CXX_SEEK -DMPICH_SKIP_MPICXX -I/util/academic/petsc/3.5.3/linux-impi/include -I/util/academic/petsc/3.5.3/include -DH5_USE_16_API -mt_mpi -DMPICH_IGNORE_CXX_SEEK -DMPICH_SKIP_MPICXX -I/util/academic/petsc/3.5.3/linux-impi/include -I/util/academic/petsc/3.5.3/include -DH5_USE_16_API  -L/util/academic/petsc/3.5.3/linux-impi/lib conftest.cpp -lpetsc >&5
configure:3190: $? = 0
configure:3212: result: 
configure:3234: checking whether we are cross compiling
configure:3242: mpicxx -o conftest -mt_mpi -DMPICH_IGNORE_CXX_SEEK -DMPICH_SKIP_MPICXX -I/util/academic/petsc/3.5.3/linux-impi/include -I/util/academic/petsc/3.5.3/include -DH5_USE_16_API -mt_mpi -DMPICH_IGNORE_CXX_SEEK -DMPICH_SKIP_MPICXX -I/util/academic/petsc/3.5.3/linux-impi/include -I/util/academic/petsc/3.5.3/include -DH5_USE_16_API  -L/util/academic/petsc/3.5.3/linux-impi/lib conftest.cpp -lpetsc >&5
configure:3246: $? = 0
configure:3253: ./conftest
configure:3257: $? = 0
configure:3272: result: no
configure:3277: checking for suffix of object files
configure:3299: mpicxx -c -mt_mpi -DMPICH_IGNORE_CXX_SEEK -DMPICH_SKIP_MPICXX -I/util/academic/petsc/3.5.3/linux-impi/include -I/util/academic/petsc/3.5.3/include -DH5_USE_16_API -mt_mpi -DMPICH_IGNORE_CXX_SEEK -DMPICH_SKIP_MPICXX -I/util/academic/petsc/3.5.3/linux-impi/include -I/util/academic/petsc/3.5.3/include -DH5_USE_16_API conftest.cpp >&5
configure:3303: $? = 0
configure:3324: result: o
configure:3328: checking whether we are using the GNU C++ compiler
configure:3347: mpicxx -c -mt_mpi -DMPICH_IGNORE_CXX_SEEK -DMPICH_SKIP_MPICXX -I/util/academic/petsc/3.5.3/linux-impi/include -I/util/academic/petsc/3.5.3/include -DH5_USE_16_API -mt_mpi -DMPICH_IGNORE_CXX_SEEK -DMPICH_SKIP_MPICXX -I/util/academic/petsc/3.5.3/linux-impi/include -I/util/academic/petsc/3.5.3/include -DH5_USE_16_API conftest.cpp >&5
configure:3347: $? = 0
configure:3356: result: yes
configure:3365: checking whether mpicxx accepts -g
configure:3385: mpicxx -c -g -mt_mpi -DMPICH_IGNORE_CXX_SEEK -DMPICH_SKIP_MPICXX -I/util/academic/petsc/3.5.3/linux-impi/include -I/util/academic/petsc/3.5.3/include -DH5_USE_16_API conftest.cpp >&5
configure:3385: $? = 0
configure:3426: result: yes
configure:3460: checking for style of include used by make
configure:3488: result: GNU
configure:3514: checking dependency style of mpicxx
configure:3625: result: gcc3
configure:3688: checking for gcc
configure:3715: result: mpicc
configure:3944: checking for C compiler version
configure:3953: mpicc --version >&5
gcc (GCC) 4.8.3 20140911 (Red Hat 4.8.3-9)
Copyright (C) 2013 Free Software Foundation, Inc.
This is free software; see the source for copying conditions.  There is NO
warranty; not even for MERCHANTABILITY or FITNESS FOR A PARTICULAR PURPOSE.

configure:3964: $? = 0
configure:3953: mpicc -v >&5
mpigcc for the Intel(R) MPI Library 4.1 for Linux*
Copyright(C) 2003-2014, Intel Corporation.  All rights reserved.
Using built-in specs.
COLLECT_GCC=gcc
COLLECT_LTO_WRAPPER=/usr/libexec/gcc/x86_64-redhat-linux/4.8.3/lto-wrapper
Target: x86_64-redhat-linux
Configured with: ../configure --prefix=/usr --mandir=/usr/share/man --infodir=/usr/share/info --with-bugurl=http://bugzilla.redhat.com/bugzilla --enable-bootstrap --enable-shared --enable-threads=posix --enable-checking=release --with-system-zlib --enable-__cxa_atexit --disable-libunwind-exceptions --enable-gnu-unique-object --enable-linker-build-id --with-linker-hash-style=gnu --enable-languages=c,c++,objc,obj-c++,java,fortran,ada,go,lto --enable-plugin --enable-initfini-array --disable-libgcj --with-isl=/builddir/build/BUILD/gcc-4.8.3-20140911/obj-x86_64-redhat-linux/isl-install --with-cloog=/builddir/build/BUILD/gcc-4.8.3-20140911/obj-x86_64-redhat-linux/cloog-install --enable-gnu-indirect-function --with-tune=generic --with-arch_32=x86-64 --build=x86_64-redhat-linux
Thread model: posix
gcc version 4.8.3 20140911 (Red Hat 4.8.3-9) (GCC) 
configure:3964: $? = 0
configure:3953: mpicc -V >&5
gcc: error: unrecognized command line option '-V'
configure:3964: $? = 1
configure:3953: mpicc -qversion >&5
gcc: error: unrecognized command line option '-qversion'
configure:3964: $? = 1
configure:3968: checking whether we are using the GNU C compiler
configure:3987: mpicc -c -mt_mpi -DMPICH_IGNORE_CXX_SEEK -DMPICH_SKIP_MPICXX -I/util/academic/petsc/3.5.3/linux-impi/include -I/util/academic/petsc/3.5.3/include -DH5_USE_16_API -mt_mpi -DMPICH_IGNORE_CXX_SEEK -DMPICH_SKIP_MPICXX -I/util/academic/petsc/3.5.3/linux-impi/include -I/util/academic/petsc/3.5.3/include -DH5_USE_16_API conftest.c >&5
configure:3987: $? = 0
configure:3996: result: yes
configure:4005: checking whether mpicc accepts -g
configure:4025: mpicc -c -g -mt_mpi -DMPICH_IGNORE_CXX_SEEK -DMPICH_SKIP_MPICXX -I/util/academic/petsc/3.5.3/linux-impi/include -I/util/academic/petsc/3.5.3/include -DH5_USE_16_API conftest.c >&5
configure:4025: $? = 0
configure:4066: result: yes
configure:4083: checking for mpicc option to accept ISO C89
configure:4146: mpicc  -c -mt_mpi -DMPICH_IGNORE_CXX_SEEK -DMPICH_SKIP_MPICXX -I/util/academic/petsc/3.5.3/linux-impi/include -I/util/academic/petsc/3.5.3/include -DH5_USE_16_API -mt_mpi -DMPICH_IGNORE_CXX_SEEK -DMPICH_SKIP_MPICXX -I/util/academic/petsc/3.5.3/linux-impi/include -I/util/academic/petsc/3.5.3/include -DH5_USE_16_API conftest.c >&5
configure:4146: $? = 0
configure:4159: result: none needed
configure:4181: checking dependency style of mpicc
configure:4292: result: gcc3
configure:4312: checking how to run the C preprocessor
configure:4343: mpicc -E -mt_mpi -DMPICH_IGNORE_CXX_SEEK -DMPICH_SKIP_MPICXX -I/util/academic/petsc/3.5.3/linux-impi/include -I/util/academic/petsc/3.5.3/include -DH5_USE_16_API conftest.c
configure:4343: $? = 0
configure:4357: mpicc -E -mt_mpi -DMPICH_IGNORE_CXX_SEEK -DMPICH_SKIP_MPICXX -I/util/academic/petsc/3.5.3/linux-impi/include -I/util/academic/petsc/3.5.3/include -DH5_USE_16_API conftest.c
conftest.c:11:28: fatal error: ac_nonexistent.h: No such file or directory
 #include <ac_nonexistent.h>
                            ^
compilation terminated.
configure:4357: $? = 1
configure: failed program was:
| /* confdefs.h */
| #define PACKAGE_NAME "titan"
| #define PACKAGE_TARNAME "titan"
| #define PACKAGE_VERSION "2.0.2"
| #define PACKAGE_STRING "titan 2.0.2"
| #define PACKAGE_BUGREPORT ""
| #define PACKAGE_URL ""
| #define PACKAGE "titan"
| #define VERSION "2.0.2"
| /* end confdefs.h.  */
| #include <ac_nonexistent.h>
configure:4382: result: mpicc -E
configure:4402: mpicc -E -mt_mpi -DMPICH_IGNORE_CXX_SEEK -DMPICH_SKIP_MPICXX -I/util/academic/petsc/3.5.3/linux-impi/include -I/util/academic/petsc/3.5.3/include -DH5_USE_16_API conftest.c
configure:4402: $? = 0
configure:4416: mpicc -E -mt_mpi -DMPICH_IGNORE_CXX_SEEK -DMPICH_SKIP_MPICXX -I/util/academic/petsc/3.5.3/linux-impi/include -I/util/academic/petsc/3.5.3/include -DH5_USE_16_API conftest.c
conftest.c:11:28: fatal error: ac_nonexistent.h: No such file or directory
 #include <ac_nonexistent.h>
                            ^
compilation terminated.
configure:4416: $? = 1
configure: failed program was:
| /* confdefs.h */
| #define PACKAGE_NAME "titan"
| #define PACKAGE_TARNAME "titan"
| #define PACKAGE_VERSION "2.0.2"
| #define PACKAGE_STRING "titan 2.0.2"
| #define PACKAGE_BUGREPORT ""
| #define PACKAGE_URL ""
| #define PACKAGE "titan"
| #define VERSION "2.0.2"
| /* end confdefs.h.  */
| #include <ac_nonexistent.h>
configure:4445: checking whether ln -s works
configure:4449: result: yes
configure:4456: checking whether make sets $(MAKE)
configure:4478: result: yes
configure:4530: checking for ranlib
configure:4546: found /usr/bin/ranlib
configure:4557: result: ranlib
configure:4632: checking for g77
configure:4662: result: no
configure:4632: checking for xlf
configure:4662: result: no
configure:4632: checking for f77
configure:4662: result: no
configure:4632: checking for frt
configure:4662: result: no
configure:4632: checking for pgf77
configure:4662: result: no
configure:4632: checking for cf77
configure:4662: result: no
configure:4632: checking for fort77
configure:4662: result: no
configure:4632: checking for fl32
configure:4662: result: no
configure:4632: checking for af77
configure:4662: result: no
configure:4632: checking for xlf90
configure:4662: result: no
configure:4632: checking for f90
configure:4662: result: no
configure:4632: checking for pgf90
configure:4662: result: no
configure:4632: checking for pghpf
configure:4662: result: no
configure:4632: checking for epcf90
configure:4662: result: no
configure:4632: checking for gfortran
configure:4648: found /usr/bin/gfortran
configure:4659: result: gfortran
configure:4685: checking for Fortran 77 compiler version
configure:4694: gfortran --version >&5
GNU Fortran (GCC) 4.8.3 20140911 (Red Hat 4.8.3-9)
Copyright (C) 2013 Free Software Foundation, Inc.

GNU Fortran comes with NO WARRANTY, to the extent permitted by law.
You may redistribute copies of GNU Fortran
under the terms of the GNU General Public License.
For more information about these matters, see the file named COPYING

configure:4705: $? = 0
configure:4694: gfortran -v >&5
Using built-in specs.
COLLECT_GCC=gfortran
COLLECT_LTO_WRAPPER=/usr/libexec/gcc/x86_64-redhat-linux/4.8.3/lto-wrapper
Target: x86_64-redhat-linux
Configured with: ../configure --prefix=/usr --mandir=/usr/share/man --infodir=/usr/share/info --with-bugurl=http://bugzilla.redhat.com/bugzilla --enable-bootstrap --enable-shared --enable-threads=posix --enable-checking=release --with-system-zlib --enable-__cxa_atexit --disable-libunwind-exceptions --enable-gnu-unique-object --enable-linker-build-id --with-linker-hash-style=gnu --enable-languages=c,c++,objc,obj-c++,java,fortran,ada,go,lto --enable-plugin --enable-initfini-array --disable-libgcj --with-isl=/builddir/build/BUILD/gcc-4.8.3-20140911/obj-x86_64-redhat-linux/isl-install --with-cloog=/builddir/build/BUILD/gcc-4.8.3-20140911/obj-x86_64-redhat-linux/cloog-install --enable-gnu-indirect-function --with-tune=generic --with-arch_32=x86-64 --build=x86_64-redhat-linux
Thread model: posix
gcc version 4.8.3 20140911 (Red Hat 4.8.3-9) (GCC) 
configure:4705: $? = 0
configure:4694: gfortran -V >&5
gfortran: error: unrecognized command line option '-V'
gfortran: fatal error: no input files
compilation terminated.
configure:4705: $? = 4
configure:4694: gfortran -qversion >&5
gfortran: error: unrecognized command line option '-qversion'
gfortran: fatal error: no input files
compilation terminated.
configure:4705: $? = 4
configure:4714: checking whether we are using the GNU Fortran 77 compiler
configure:4727: gfortran -c  conftest.F >&5
configure:4727: $? = 0
configure:4736: result: yes
configure:4742: checking whether gfortran accepts -g
configure:4753: gfortran -c -g conftest.f >&5
configure:4753: $? = 0
configure:4761: result: yes
configure:4794: checking build system type
configure:4808: result: x86_64-redhat-linux-gnu
configure:4828: checking host system type
configure:4841: result: x86_64-redhat-linux-gnu
configure:4866: checking how to get verbose linking output from gfortran
configure:4876: gfortran -c -g -O2 conftest.f >&5
configure:4876: $? = 0
configure:4894: gfortran -o conftest -g -O2 -v -L/util/academic/petsc/3.5.3/linux-impi/lib conftest.f -lpetsc
Using built-in specs.
Target: x86_64-redhat-linux
Thread model: posix
gcc version 4.8.3 20140911 (Red Hat 4.8.3-9) (GCC) 
 /usr/libexec/gcc/x86_64-redhat-linux/4.8.3/f951 conftest.f -ffixed-form -quiet -dumpbase conftest.f -mtune=generic -march=x86-64 -auxbase conftest -g -O2 -version -fintrinsic-modules-path /usr/lib/gcc/x86_64-redhat-linux/4.8.3/finclude -o /tmp/cc9hrneD.s
GNU Fortran (GCC) version 4.8.3 20140911 (Red Hat 4.8.3-9) (x86_64-redhat-linux)
	compiled by GNU C version 4.8.3 20140911 (Red Hat 4.8.3-9), GMP version 5.1.1, MPFR version 3.1.1, MPC version 1.0.1
warning: GMP header version 5.1.1 differs from library version 6.0.0.
GGC heuristics: --param ggc-min-expand=100 --param ggc-min-heapsize=131072
GNU Fortran (GCC) version 4.8.3 20140911 (Red Hat 4.8.3-9) (x86_64-redhat-linux)
	compiled by GNU C version 4.8.3 20140911 (Red Hat 4.8.3-9), GMP version 5.1.1, MPFR version 3.1.1, MPC version 1.0.1
warning: GMP header version 5.1.1 differs from library version 6.0.0.
GGC heuristics: --param ggc-min-expand=100 --param ggc-min-heapsize=131072
 as -v --64 -o /tmp/ccAP6OBQ.o /tmp/cc9hrneD.s
GNU assembler version 2.23.52.0.1 (x86_64-redhat-linux) using BFD version version 2.23.52.0.1-30.el7_1.2 20130226
Reading specs from /usr/lib/gcc/x86_64-redhat-linux/4.8.3/libgfortran.spec
rename spec lib to liborig
 /usr/libexec/gcc/x86_64-redhat-linux/4.8.3/collect2 --build-id --no-add-needed --eh-frame-hdr --hash-style=gnu -m elf_x86_64 -dynamic-linker /lib64/ld-linux-x86-64.so.2 -o conftest /usr/lib/gcc/x86_64-redhat-linux/4.8.3/../../../../lib64/crt1.o /usr/lib/gcc/x86_64-redhat-linux/4.8.3/../../../../lib64/crti.o /usr/lib/gcc/x86_64-redhat-linux/4.8.3/crtbegin.o -L/util/academic/petsc/3.5.3/linux-impi/lib -L/usr/lib/gcc/x86_64-redhat-linux/4.8.3 -L/usr/lib/gcc/x86_64-redhat-linux/4.8.3/../../../../lib64 -L/lib/../lib64 -L/usr/lib/../lib64 -L/util/academic/petsc/3.5.3/linux-impi/lib -L/usr/lib/gcc/x86_64-redhat-linux/4.8.3/../../.. /tmp/ccAP6OBQ.o -lpetsc -lgfortran -lm -lgcc_s -lgcc -lquadmath -lm -lgcc_s -lgcc -lc -lgcc_s -lgcc /usr/lib/gcc/x86_64-redhat-linux/4.8.3/crtend.o /usr/lib/gcc/x86_64-redhat-linux/4.8.3/../../../../lib64/crtn.o
configure:4977: result: -v
configure:4979: checking for Fortran 77 libraries of gfortran
configure:5002: gfortran -o conftest -g -O2 -v -L/util/academic/petsc/3.5.3/linux-impi/lib conftest.f -lpetsc
Using built-in specs.
Target: x86_64-redhat-linux
Thread model: posix
gcc version 4.8.3 20140911 (Red Hat 4.8.3-9) (GCC) 
 /usr/libexec/gcc/x86_64-redhat-linux/4.8.3/f951 conftest.f -ffixed-form -quiet -dumpbase conftest.f -mtune=generic -march=x86-64 -auxbase conftest -g -O2 -version -fintrinsic-modules-path /usr/lib/gcc/x86_64-redhat-linux/4.8.3/finclude -o /tmp/ccXiSWWd.s
GNU Fortran (GCC) version 4.8.3 20140911 (Red Hat 4.8.3-9) (x86_64-redhat-linux)
	compiled by GNU C version 4.8.3 20140911 (Red Hat 4.8.3-9), GMP version 5.1.1, MPFR version 3.1.1, MPC version 1.0.1
warning: GMP header version 5.1.1 differs from library version 6.0.0.
GGC heuristics: --param ggc-min-expand=100 --param ggc-min-heapsize=131072
GNU Fortran (GCC) version 4.8.3 20140911 (Red Hat 4.8.3-9) (x86_64-redhat-linux)
	compiled by GNU C version 4.8.3 20140911 (Red Hat 4.8.3-9), GMP version 5.1.1, MPFR version 3.1.1, MPC version 1.0.1
warning: GMP header version 5.1.1 differs from library version 6.0.0.
GGC heuristics: --param ggc-min-expand=100 --param ggc-min-heapsize=131072
 as -v --64 -o /tmp/ccWG39us.o /tmp/ccXiSWWd.s
GNU assembler version 2.23.52.0.1 (x86_64-redhat-linux) using BFD version version 2.23.52.0.1-30.el7_1.2 20130226
Reading specs from /usr/lib/gcc/x86_64-redhat-linux/4.8.3/libgfortran.spec
rename spec lib to liborig
 /usr/libexec/gcc/x86_64-redhat-linux/4.8.3/collect2 --build-id --no-add-needed --eh-frame-hdr --hash-style=gnu -m elf_x86_64 -dynamic-linker /lib64/ld-linux-x86-64.so.2 -o conftest /usr/lib/gcc/x86_64-redhat-linux/4.8.3/../../../../lib64/crt1.o /usr/lib/gcc/x86_64-redhat-linux/4.8.3/../../../../lib64/crti.o /usr/lib/gcc/x86_64-redhat-linux/4.8.3/crtbegin.o -L/util/academic/petsc/3.5.3/linux-impi/lib -L/usr/lib/gcc/x86_64-redhat-linux/4.8.3 -L/usr/lib/gcc/x86_64-redhat-linux/4.8.3/../../../../lib64 -L/lib/../lib64 -L/usr/lib/../lib64 -L/util/academic/petsc/3.5.3/linux-impi/lib -L/usr/lib/gcc/x86_64-redhat-linux/4.8.3/../../.. /tmp/ccWG39us.o -lpetsc -lgfortran -lm -lgcc_s -lgcc -lquadmath -lm -lgcc_s -lgcc -lc -lgcc_s -lgcc /usr/lib/gcc/x86_64-redhat-linux/4.8.3/crtend.o /usr/lib/gcc/x86_64-redhat-linux/4.8.3/../../../../lib64/crtn.o
configure:5198: result:  -L/util/academic/petsc/3.5.3/linux-impi/lib -L/usr/lib/gcc/x86_64-redhat-linux/4.8.3 -L/usr/lib/gcc/x86_64-redhat-linux/4.8.3/../../../../lib64 -L/lib/../lib64 -L/usr/lib/../lib64 -L/usr/lib/gcc/x86_64-redhat-linux/4.8.3/../../.. -lpetsc -lgfortran -lm -lquadmath
configure:5217: checking for special C compiler options needed for large files
configure:5262: result: no
configure:5268: checking for _FILE_OFFSET_BITS value needed for large files
configure:5293: mpicxx -c -mt_mpi -DMPICH_IGNORE_CXX_SEEK -DMPICH_SKIP_MPICXX -I/util/academic/petsc/3.5.3/linux-impi/include -I/util/academic/petsc/3.5.3/include -DH5_USE_16_API -mt_mpi -DMPICH_IGNORE_CXX_SEEK -DMPICH_SKIP_MPICXX -I/util/academic/petsc/3.5.3/linux-impi/include -I/util/academic/petsc/3.5.3/include -DH5_USE_16_API conftest.cpp >&5
configure:5293: $? = 0
configure:5325: result: no
configure:5414: checking for pthread_create in -lpthread
configure:5439: mpicxx -o conftest -mt_mpi -DMPICH_IGNORE_CXX_SEEK -DMPICH_SKIP_MPICXX -I/util/academic/petsc/3.5.3/linux-impi/include -I/util/academic/petsc/3.5.3/include -DH5_USE_16_API -mt_mpi -DMPICH_IGNORE_CXX_SEEK -DMPICH_SKIP_MPICXX -I/util/academic/petsc/3.5.3/linux-impi/include -I/util/academic/petsc/3.5.3/include -DH5_USE_16_API  -L/util/academic/petsc/3.5.3/linux-impi/lib conftest.cpp -lpthread  -lpetsc >&5
configure:5439: $? = 0
configure:5448: result: yes
configure:5500: checking for H5open in -lhdf5
configure:5525: mpicxx -o conftest -mt_mpi -DMPICH_IGNORE_CXX_SEEK -DMPICH_SKIP_MPICXX -I/util/academic/petsc/3.5.3/linux-impi/include -I/util/academic/petsc/3.5.3/include -DH5_USE_16_API  -I/include -mt_mpi -DMPICH_IGNORE_CXX_SEEK -DMPICH_SKIP_MPICXX -I/util/academic/petsc/3.5.3/linux-impi/include -I/util/academic/petsc/3.5.3/include -DH5_USE_16_API  -I/include -DH5_USE_16_API  -L/util/academic/petsc/3.5.3/linux-impi/lib -L/lib conftest.cpp -lhdf5  -lpthread -lpetsc >&5
/usr/bin/ld: warning: libhdf5.so.6, needed by /util/academic/petsc/3.5.3/linux-impi/lib/libpetsc.so, may conflict with libhdf5.so.8
configure:5525: $? = 0
configure:5534: result: yes
configure:5546: checking for H5open in -lhdf5
configure:5580: result: yes
configure:5627: checking for G_gisinit in -lgis
configure:5652: mpicxx -o conftest -mt_mpi -DMPICH_IGNORE_CXX_SEEK -DMPICH_SKIP_MPICXX -I/util/academic/petsc/3.5.3/linux-impi/include -I/util/academic/petsc/3.5.3/include -DH5_USE_16_API  -I/include -mt_mpi -DMPICH_IGNORE_CXX_SEEK -DMPICH_SKIP_MPICXX -I/util/academic/petsc/3.5.3/linux-impi/include -I/util/academic/petsc/3.5.3/include -DH5_USE_16_API  -I/include -DH5_USE_16_API  -L/util/academic/petsc/3.5.3/linux-impi/lib -L/lib conftest.cpp -lgis  -lhdf5 -lpthread -lpetsc >&5
/usr/bin/ld: cannot find -lgis
collect2: error: ld returned 1 exit status
configure:5652: $? = 1
configure: failed program was:
| /* confdefs.h */
| #define PACKAGE_NAME "titan"
| #define PACKAGE_TARNAME "titan"
| #define PACKAGE_VERSION "2.0.2"
| #define PACKAGE_STRING "titan 2.0.2"
| #define PACKAGE_BUGREPORT ""
| #define PACKAGE_URL ""
| #define PACKAGE "titan"
| #define VERSION "2.0.2"
| #define HAVE_LIBPTHREAD 1
| #define HAVE_LIBHDF5 1
| #define HAVE_HDF5 1
| /* end confdefs.h.  */
| 
| /* Override any GCC internal prototype to avoid an error.
|    Use char because int might match the return type of a GCC
|    builtin and then its argument prototype would still apply.  */
| #ifdef __cplusplus
| extern "C"
| #endif
| char G_gisinit ();
| int
| main ()
| {
| return G_gisinit ();
|   ;
|   return 0;
| }
configure:5661: result: no
configure:5675: checking for debug build
configure:5704: result: no, CFLAGS="-mt_mpi -DMPICH_IGNORE_CXX_SEEK -DMPICH_SKIP_MPICXX -I/util/academic/petsc/3.5.3/linux-impi/include -I/util/academic/petsc/3.5.3/include -DH5_USE_16_API -I/include"
configure:5709: checking for matherr in -lm
configure:5734: mpicxx -o conftest -mt_mpi -DMPICH_IGNORE_CXX_SEEK -DMPICH_SKIP_MPICXX -I/util/academic/petsc/3.5.3/linux-impi/include -I/util/academic/petsc/3.5.3/include -DH5_USE_16_API  -I/include -mt_mpi -DMPICH_IGNORE_CXX_SEEK -DMPICH_SKIP_MPICXX -I/util/academic/petsc/3.5.3/linux-impi/include -I/util/academic/petsc/3.5.3/include -DH5_USE_16_API  -I/include -DH5_USE_16_API  -L/util/academic/petsc/3.5.3/linux-impi/lib -L/lib conftest.cpp -lm  -lhdf5 -lpthread -lpetsc >&5
/usr/bin/ld: warning: libhdf5.so.6, needed by /util/academic/petsc/3.5.3/linux-impi/lib/libpetsc.so, may conflict with libhdf5.so.8
configure:5734: $? = 0
configure:5743: result: yes
configure:5754: checking for gzdopen in -lz
configure:5779: mpicxx -o conftest -mt_mpi -DMPICH_IGNORE_CXX_SEEK -DMPICH_SKIP_MPICXX -I/util/academic/petsc/3.5.3/linux-impi/include -I/util/academic/petsc/3.5.3/include -DH5_USE_16_API  -I/include -mt_mpi -DMPICH_IGNORE_CXX_SEEK -DMPICH_SKIP_MPICXX -I/util/academic/petsc/3.5.3/linux-impi/include -I/util/academic/petsc/3.5.3/include -DH5_USE_16_API  -I/include -DH5_USE_16_API  -L/util/academic/petsc/3.5.3/linux-impi/lib -L/lib conftest.cpp -lz  -lm -lhdf5 -lpthread -lpetsc >&5
/usr/bin/ld: warning: libhdf5.so.6, needed by /util/academic/petsc/3.5.3/linux-impi/lib/libpetsc.so, may conflict with libhdf5.so.8
configure:5779: $? = 0
configure:5788: result: yes
configure:5799: checking for inet_ntoa in -lnsl
configure:5824: mpicxx -o conftest -mt_mpi -DMPICH_IGNORE_CXX_SEEK -DMPICH_SKIP_MPICXX -I/util/academic/petsc/3.5.3/linux-impi/include -I/util/academic/petsc/3.5.3/include -DH5_USE_16_API  -I/include -mt_mpi -DMPICH_IGNORE_CXX_SEEK -DMPICH_SKIP_MPICXX -I/util/academic/petsc/3.5.3/linux-impi/include -I/util/academic/petsc/3.5.3/include -DH5_USE_16_API  -I/include -DH5_USE_16_API  -L/util/academic/petsc/3.5.3/linux-impi/lib -L/lib conftest.cpp -lnsl  -lz -lm -lhdf5 -lpthread -lpetsc >&5
/usr/bin/ld: warning: libhdf5.so.6, needed by /util/academic/petsc/3.5.3/linux-impi/lib/libpetsc.so, may conflict with libhdf5.so.8
configure:5824: $? = 0
configure:5833: result: yes
configure:5852: checking how to run the C++ preprocessor
configure:5879: mpicxx -E -mt_mpi -DMPICH_IGNORE_CXX_SEEK -DMPICH_SKIP_MPICXX -I/util/academic/petsc/3.5.3/linux-impi/include -I/util/academic/petsc/3.5.3/include -DH5_USE_16_API  -I/include -DH5_USE_16_API conftest.cpp
configure:5879: $? = 0
configure:5893: mpicxx -E -mt_mpi -DMPICH_IGNORE_CXX_SEEK -DMPICH_SKIP_MPICXX -I/util/academic/petsc/3.5.3/linux-impi/include -I/util/academic/petsc/3.5.3/include -DH5_USE_16_API  -I/include -DH5_USE_16_API conftest.cpp
conftest.cpp:17:28: fatal error: ac_nonexistent.h: No such file or directory
 #include <ac_nonexistent.h>
                            ^
compilation terminated.
configure:5893: $? = 1
configure: failed program was:
| /* confdefs.h */
| #define PACKAGE_NAME "titan"
| #define PACKAGE_TARNAME "titan"
| #define PACKAGE_VERSION "2.0.2"
| #define PACKAGE_STRING "titan 2.0.2"
| #define PACKAGE_BUGREPORT ""
| #define PACKAGE_URL ""
| #define PACKAGE "titan"
| #define VERSION "2.0.2"
| #define HAVE_LIBPTHREAD 1
| #define HAVE_LIBHDF5 1
| #define HAVE_HDF5 1
| #define HAVE_LIBM 1
| #define HAVE_LIBZ 1
| #define HAVE_LIBNSL 1
| /* end confdefs.h.  */
| #include <ac_nonexistent.h>
configure:5918: result: mpicxx -E
configure:5938: mpicxx -E -mt_mpi -DMPICH_IGNORE_CXX_SEEK -DMPICH_SKIP_MPICXX -I/util/academic/petsc/3.5.3/linux-impi/include -I/util/academic/petsc/3.5.3/include -DH5_USE_16_API  -I/include -DH5_USE_16_API conftest.cpp
configure:5938: $? = 0
configure:5952: mpicxx -E -mt_mpi -DMPICH_IGNORE_CXX_SEEK -DMPICH_SKIP_MPICXX -I/util/academic/petsc/3.5.3/linux-impi/include -I/util/academic/petsc/3.5.3/include -DH5_USE_16_API  -I/include -DH5_USE_16_API conftest.cpp
conftest.cpp:17:28: fatal error: ac_nonexistent.h: No such file or directory
 #include <ac_nonexistent.h>
                            ^
compilation terminated.
configure:5952: $? = 1
configure: failed program was:
| /* confdefs.h */
| #define PACKAGE_NAME "titan"
| #define PACKAGE_TARNAME "titan"
| #define PACKAGE_VERSION "2.0.2"
| #define PACKAGE_STRING "titan 2.0.2"
| #define PACKAGE_BUGREPORT ""
| #define PACKAGE_URL ""
| #define PACKAGE "titan"
| #define VERSION "2.0.2"
| #define HAVE_LIBPTHREAD 1
| #define HAVE_LIBHDF5 1
| #define HAVE_HDF5 1
| #define HAVE_LIBM 1
| #define HAVE_LIBZ 1
| #define HAVE_LIBNSL 1
| /* end confdefs.h.  */
| #include <ac_nonexistent.h>
configure:5981: checking for grep that handles long lines and -e
configure:6039: result: /usr/bin/grep
configure:6044: checking for egrep
configure:6106: result: /usr/bin/grep -E
configure:6111: checking for ANSI C header files
configure:6131: mpicxx -c -mt_mpi -DMPICH_IGNORE_CXX_SEEK -DMPICH_SKIP_MPICXX -I/util/academic/petsc/3.5.3/linux-impi/include -I/util/academic/petsc/3.5.3/include -DH5_USE_16_API  -I/include -mt_mpi -DMPICH_IGNORE_CXX_SEEK -DMPICH_SKIP_MPICXX -I/util/academic/petsc/3.5.3/linux-impi/include -I/util/academic/petsc/3.5.3/include -DH5_USE_16_API  -I/include -DH5_USE_16_API conftest.cpp >&5
configure:6131: $? = 0
configure:6204: mpicxx -o conftest -mt_mpi -DMPICH_IGNORE_CXX_SEEK -DMPICH_SKIP_MPICXX -I/util/academic/petsc/3.5.3/linux-impi/include -I/util/academic/petsc/3.5.3/include -DH5_USE_16_API  -I/include -mt_mpi -DMPICH_IGNORE_CXX_SEEK -DMPICH_SKIP_MPICXX -I/util/academic/petsc/3.5.3/linux-impi/include -I/util/academic/petsc/3.5.3/include -DH5_USE_16_API  -I/include -DH5_USE_16_API  -L/util/academic/petsc/3.5.3/linux-impi/lib -L/lib conftest.cpp -lnsl -lz -lm -lhdf5 -lpthread -lpetsc >&5
/usr/bin/ld: warning: libhdf5.so.6, needed by /util/academic/petsc/3.5.3/linux-impi/lib/libpetsc.so, may conflict with libhdf5.so.8
configure:6204: $? = 0
configure:6204: ./conftest
configure:6204: $? = 0
configure:6215: result: yes
configure:6228: checking for sys/types.h
configure:6228: mpicxx -c -mt_mpi -DMPICH_IGNORE_CXX_SEEK -DMPICH_SKIP_MPICXX -I/util/academic/petsc/3.5.3/linux-impi/include -I/util/academic/petsc/3.5.3/include -DH5_USE_16_API  -I/include -mt_mpi -DMPICH_IGNORE_CXX_SEEK -DMPICH_SKIP_MPICXX -I/util/academic/petsc/3.5.3/linux-impi/include -I/util/academic/petsc/3.5.3/include -DH5_USE_16_API  -I/include -DH5_USE_16_API conftest.cpp >&5
configure:6228: $? = 0
configure:6228: result: yes
configure:6228: checking for sys/stat.h
configure:6228: mpicxx -c -mt_mpi -DMPICH_IGNORE_CXX_SEEK -DMPICH_SKIP_MPICXX -I/util/academic/petsc/3.5.3/linux-impi/include -I/util/academic/petsc/3.5.3/include -DH5_USE_16_API  -I/include -mt_mpi -DMPICH_IGNORE_CXX_SEEK -DMPICH_SKIP_MPICXX -I/util/academic/petsc/3.5.3/linux-impi/include -I/util/academic/petsc/3.5.3/include -DH5_USE_16_API  -I/include -DH5_USE_16_API conftest.cpp >&5
configure:6228: $? = 0
configure:6228: result: yes
configure:6228: checking for stdlib.h
configure:6228: mpicxx -c -mt_mpi -DMPICH_IGNORE_CXX_SEEK -DMPICH_SKIP_MPICXX -I/util/academic/petsc/3.5.3/linux-impi/include -I/util/academic/petsc/3.5.3/include -DH5_USE_16_API  -I/include -mt_mpi -DMPICH_IGNORE_CXX_SEEK -DMPICH_SKIP_MPICXX -I/util/academic/petsc/3.5.3/linux-impi/include -I/util/academic/petsc/3.5.3/include -DH5_USE_16_API  -I/include -DH5_USE_16_API conftest.cpp >&5
configure:6228: $? = 0
configure:6228: result: yes
configure:6228: checking for string.h
configure:6228: mpicxx -c -mt_mpi -DMPICH_IGNORE_CXX_SEEK -DMPICH_SKIP_MPICXX -I/util/academic/petsc/3.5.3/linux-impi/include -I/util/academic/petsc/3.5.3/include -DH5_USE_16_API  -I/include -mt_mpi -DMPICH_IGNORE_CXX_SEEK -DMPICH_SKIP_MPICXX -I/util/academic/petsc/3.5.3/linux-impi/include -I/util/academic/petsc/3.5.3/include -DH5_USE_16_API  -I/include -DH5_USE_16_API conftest.cpp >&5
configure:6228: $? = 0
configure:6228: result: yes
configure:6228: checking for memory.h
configure:6228: mpicxx -c -mt_mpi -DMPICH_IGNORE_CXX_SEEK -DMPICH_SKIP_MPICXX -I/util/academic/petsc/3.5.3/linux-impi/include -I/util/academic/petsc/3.5.3/include -DH5_USE_16_API  -I/include -mt_mpi -DMPICH_IGNORE_CXX_SEEK -DMPICH_SKIP_MPICXX -I/util/academic/petsc/3.5.3/linux-impi/include -I/util/academic/petsc/3.5.3/include -DH5_USE_16_API  -I/include -DH5_USE_16_API conftest.cpp >&5
configure:6228: $? = 0
configure:6228: result: yes
configure:6228: checking for strings.h
configure:6228: mpicxx -c -mt_mpi -DMPICH_IGNORE_CXX_SEEK -DMPICH_SKIP_MPICXX -I/util/academic/petsc/3.5.3/linux-impi/include -I/util/academic/petsc/3.5.3/include -DH5_USE_16_API  -I/include -mt_mpi -DMPICH_IGNORE_CXX_SEEK -DMPICH_SKIP_MPICXX -I/util/academic/petsc/3.5.3/linux-impi/include -I/util/academic/petsc/3.5.3/include -DH5_USE_16_API  -I/include -DH5_USE_16_API conftest.cpp >&5
configure:6228: $? = 0
configure:6228: result: yes
configure:6228: checking for inttypes.h
configure:6228: mpicxx -c -mt_mpi -DMPICH_IGNORE_CXX_SEEK -DMPICH_SKIP_MPICXX -I/util/academic/petsc/3.5.3/linux-impi/include -I/util/academic/petsc/3.5.3/include -DH5_USE_16_API  -I/include -mt_mpi -DMPICH_IGNORE_CXX_SEEK -DMPICH_SKIP_MPICXX -I/util/academic/petsc/3.5.3/linux-impi/include -I/util/academic/petsc/3.5.3/include -DH5_USE_16_API  -I/include -DH5_USE_16_API conftest.cpp >&5
configure:6228: $? = 0
configure:6228: result: yes
configure:6228: checking for stdint.h
configure:6228: mpicxx -c -mt_mpi -DMPICH_IGNORE_CXX_SEEK -DMPICH_SKIP_MPICXX -I/util/academic/petsc/3.5.3/linux-impi/include -I/util/academic/petsc/3.5.3/include -DH5_USE_16_API  -I/include -mt_mpi -DMPICH_IGNORE_CXX_SEEK -DMPICH_SKIP_MPICXX -I/util/academic/petsc/3.5.3/linux-impi/include -I/util/academic/petsc/3.5.3/include -DH5_USE_16_API  -I/include -DH5_USE_16_API conftest.cpp >&5
configure:6228: $? = 0
configure:6228: result: yes
configure:6228: checking for unistd.h
configure:6228: mpicxx -c -mt_mpi -DMPICH_IGNORE_CXX_SEEK -DMPICH_SKIP_MPICXX -I/util/academic/petsc/3.5.3/linux-impi/include -I/util/academic/petsc/3.5.3/include -DH5_USE_16_API  -I/include -mt_mpi -DMPICH_IGNORE_CXX_SEEK -DMPICH_SKIP_MPICXX -I/util/academic/petsc/3.5.3/linux-impi/include -I/util/academic/petsc/3.5.3/include -DH5_USE_16_API  -I/include -DH5_USE_16_API conftest.cpp >&5
configure:6228: $? = 0
configure:6228: result: yes
configure:6243: checking limits.h usability
configure:6243: mpicxx -c -mt_mpi -DMPICH_IGNORE_CXX_SEEK -DMPICH_SKIP_MPICXX -I/util/academic/petsc/3.5.3/linux-impi/include -I/util/academic/petsc/3.5.3/include -DH5_USE_16_API  -I/include -mt_mpi -DMPICH_IGNORE_CXX_SEEK -DMPICH_SKIP_MPICXX -I/util/academic/petsc/3.5.3/linux-impi/include -I/util/academic/petsc/3.5.3/include -DH5_USE_16_API  -I/include -DH5_USE_16_API conftest.cpp >&5
configure:6243: $? = 0
configure:6243: result: yes
configure:6243: checking limits.h presence
configure:6243: mpicxx -E -mt_mpi -DMPICH_IGNORE_CXX_SEEK -DMPICH_SKIP_MPICXX -I/util/academic/petsc/3.5.3/linux-impi/include -I/util/academic/petsc/3.5.3/include -DH5_USE_16_API  -I/include -DH5_USE_16_API conftest.cpp
configure:6243: $? = 0
configure:6243: result: yes
configure:6243: checking for limits.h
configure:6243: result: yes
configure:6243: checking malloc.h usability
configure:6243: mpicxx -c -mt_mpi -DMPICH_IGNORE_CXX_SEEK -DMPICH_SKIP_MPICXX -I/util/academic/petsc/3.5.3/linux-impi/include -I/util/academic/petsc/3.5.3/include -DH5_USE_16_API  -I/include -mt_mpi -DMPICH_IGNORE_CXX_SEEK -DMPICH_SKIP_MPICXX -I/util/academic/petsc/3.5.3/linux-impi/include -I/util/academic/petsc/3.5.3/include -DH5_USE_16_API  -I/include -DH5_USE_16_API conftest.cpp >&5
configure:6243: $? = 0
configure:6243: result: yes
configure:6243: checking malloc.h presence
configure:6243: mpicxx -E -mt_mpi -DMPICH_IGNORE_CXX_SEEK -DMPICH_SKIP_MPICXX -I/util/academic/petsc/3.5.3/linux-impi/include -I/util/academic/petsc/3.5.3/include -DH5_USE_16_API  -I/include -DH5_USE_16_API conftest.cpp
configure:6243: $? = 0
configure:6243: result: yes
configure:6243: checking for malloc.h
configure:6243: result: yes
configure:6243: checking for stdlib.h
configure:6243: result: yes
configure:6243: checking for string.h
configure:6243: result: yes
configure:6243: checking mpi.h usability
configure:6243: mpicxx -c -mt_mpi -DMPICH_IGNORE_CXX_SEEK -DMPICH_SKIP_MPICXX -I/util/academic/petsc/3.5.3/linux-impi/include -I/util/academic/petsc/3.5.3/include -DH5_USE_16_API  -I/include -mt_mpi -DMPICH_IGNORE_CXX_SEEK -DMPICH_SKIP_MPICXX -I/util/academic/petsc/3.5.3/linux-impi/include -I/util/academic/petsc/3.5.3/include -DH5_USE_16_API  -I/include -DH5_USE_16_API conftest.cpp >&5
configure:6243: $? = 0
configure:6243: result: yes
configure:6243: checking mpi.h presence
configure:6243: mpicxx -E -mt_mpi -DMPICH_IGNORE_CXX_SEEK -DMPICH_SKIP_MPICXX -I/util/academic/petsc/3.5.3/linux-impi/include -I/util/academic/petsc/3.5.3/include -DH5_USE_16_API  -I/include -DH5_USE_16_API conftest.cpp
configure:6243: $? = 0
configure:6243: result: yes
configure:6243: checking for mpi.h
configure:6243: result: yes
configure:6243: checking hdf5.h usability
configure:6243: mpicxx -c -mt_mpi -DMPICH_IGNORE_CXX_SEEK -DMPICH_SKIP_MPICXX -I/util/academic/petsc/3.5.3/linux-impi/include -I/util/academic/petsc/3.5.3/include -DH5_USE_16_API  -I/include -mt_mpi -DMPICH_IGNORE_CXX_SEEK -DMPICH_SKIP_MPICXX -I/util/academic/petsc/3.5.3/linux-impi/include -I/util/academic/petsc/3.5.3/include -DH5_USE_16_API  -I/include -DH5_USE_16_API conftest.cpp >&5
configure:6243: $? = 0
configure:6243: result: yes
configure:6243: checking hdf5.h presence
configure:6243: mpicxx -E -mt_mpi -DMPICH_IGNORE_CXX_SEEK -DMPICH_SKIP_MPICXX -I/util/academic/petsc/3.5.3/linux-impi/include -I/util/academic/petsc/3.5.3/include -DH5_USE_16_API  -I/include -DH5_USE_16_API conftest.cpp
configure:6243: $? = 0
configure:6243: result: yes
configure:6243: checking for hdf5.h
configure:6243: result: yes
configure:6255: checking for stdbool.h that conforms to C99
configure:6322: mpicxx -c -mt_mpi -DMPICH_IGNORE_CXX_SEEK -DMPICH_SKIP_MPICXX -I/util/academic/petsc/3.5.3/linux-impi/include -I/util/academic/petsc/3.5.3/include -DH5_USE_16_API  -I/include -mt_mpi -DMPICH_IGNORE_CXX_SEEK -DMPICH_SKIP_MPICXX -I/util/academic/petsc/3.5.3/linux-impi/include -I/util/academic/petsc/3.5.3/include -DH5_USE_16_API  -I/include -DH5_USE_16_API conftest.cpp >&5
configure:6322: $? = 0
configure:6329: result: yes
configure:6331: checking for _Bool
configure:6331: mpicxx -c -mt_mpi -DMPICH_IGNORE_CXX_SEEK -DMPICH_SKIP_MPICXX -I/util/academic/petsc/3.5.3/linux-impi/include -I/util/academic/petsc/3.5.3/include -DH5_USE_16_API  -I/include -mt_mpi -DMPICH_IGNORE_CXX_SEEK -DMPICH_SKIP_MPICXX -I/util/academic/petsc/3.5.3/linux-impi/include -I/util/academic/petsc/3.5.3/include -DH5_USE_16_API  -I/include -DH5_USE_16_API conftest.cpp >&5
conftest.cpp: In function 'int main()':
conftest.cpp:69:13: error: '_Bool' was not declared in this scope
 if (sizeof (_Bool))
             ^
configure:6331: $? = 1
configure: failed program was:
| /* confdefs.h */
| #define PACKAGE_NAME "titan"
| #define PACKAGE_TARNAME "titan"
| #define PACKAGE_VERSION "2.0.2"
| #define PACKAGE_STRING "titan 2.0.2"
| #define PACKAGE_BUGREPORT ""
| #define PACKAGE_URL ""
| #define PACKAGE "titan"
| #define VERSION "2.0.2"
| #define HAVE_LIBPTHREAD 1
| #define HAVE_LIBHDF5 1
| #define HAVE_HDF5 1
| #define HAVE_LIBM 1
| #define HAVE_LIBZ 1
| #define HAVE_LIBNSL 1
| #define STDC_HEADERS 1
| #define HAVE_SYS_TYPES_H 1
| #define HAVE_SYS_STAT_H 1
| #define HAVE_STDLIB_H 1
| #define HAVE_STRING_H 1
| #define HAVE_MEMORY_H 1
| #define HAVE_STRINGS_H 1
| #define HAVE_INTTYPES_H 1
| #define HAVE_STDINT_H 1
| #define HAVE_UNISTD_H 1
| #define HAVE_LIMITS_H 1
| #define HAVE_MALLOC_H 1
| #define HAVE_STDLIB_H 1
| #define HAVE_STRING_H 1
| #define HAVE_MPI_H 1
| #define HAVE_HDF5_H 1
| /* end confdefs.h.  */
| #include <stdio.h>
| #ifdef HAVE_SYS_TYPES_H
| # include <sys/types.h>
| #endif
| #ifdef HAVE_SYS_STAT_H
| # include <sys/stat.h>
| #endif
| #ifdef STDC_HEADERS
| # include <stdlib.h>
| # include <stddef.h>
| #else
| # ifdef HAVE_STDLIB_H
| #  include <stdlib.h>
| # endif
| #endif
| #ifdef HAVE_STRING_H
| # if !defined STDC_HEADERS && defined HAVE_MEMORY_H
| #  include <memory.h>
| # endif
| # include <string.h>
| #endif
| #ifdef HAVE_STRINGS_H
| # include <strings.h>
| #endif
| #ifdef HAVE_INTTYPES_H
| # include <inttypes.h>
| #endif
| #ifdef HAVE_STDINT_H
| # include <stdint.h>
| #endif
| #ifdef HAVE_UNISTD_H
| # include <unistd.h>
| #endif
| int
| main ()
| {
| if (sizeof (_Bool))
| 	 return 0;
|   ;
|   return 0;
| }
configure:6331: result: no
configure:6348: checking for an ANSI C-conforming const
configure:6414: mpicxx -c -mt_mpi -DMPICH_IGNORE_CXX_SEEK -DMPICH_SKIP_MPICXX -I/util/academic/petsc/3.5.3/linux-impi/include -I/util/academic/petsc/3.5.3/include -DH5_USE_16_API  -I/include -mt_mpi -DMPICH_IGNORE_CXX_SEEK -DMPICH_SKIP_MPICXX -I/util/academic/petsc/3.5.3/linux-impi/include -I/util/academic/petsc/3.5.3/include -DH5_USE_16_API  -I/include -DH5_USE_16_API conftest.cpp >&5
configure:6414: $? = 0
configure:6421: result: yes
configure:6429: checking for inline
configure:6445: mpicxx -c -mt_mpi -DMPICH_IGNORE_CXX_SEEK -DMPICH_SKIP_MPICXX -I/util/academic/petsc/3.5.3/linux-impi/include -I/util/academic/petsc/3.5.3/include -DH5_USE_16_API  -I/include -mt_mpi -DMPICH_IGNORE_CXX_SEEK -DMPICH_SKIP_MPICXX -I/util/academic/petsc/3.5.3/linux-impi/include -I/util/academic/petsc/3.5.3/include -DH5_USE_16_API  -I/include -DH5_USE_16_API conftest.cpp >&5
configure:6445: $? = 0
configure:6453: result: inline
configure:6471: checking for size_t
configure:6471: mpicxx -c -mt_mpi -DMPICH_IGNORE_CXX_SEEK -DMPICH_SKIP_MPICXX -I/util/academic/petsc/3.5.3/linux-impi/include -I/util/academic/petsc/3.5.3/include -DH5_USE_16_API  -I/include -mt_mpi -DMPICH_IGNORE_CXX_SEEK -DMPICH_SKIP_MPICXX -I/util/academic/petsc/3.5.3/linux-impi/include -I/util/academic/petsc/3.5.3/include -DH5_USE_16_API  -I/include -DH5_USE_16_API conftest.cpp >&5
configure:6471: $? = 0
configure:6471: mpicxx -c -mt_mpi -DMPICH_IGNORE_CXX_SEEK -DMPICH_SKIP_MPICXX -I/util/academic/petsc/3.5.3/linux-impi/include -I/util/academic/petsc/3.5.3/include -DH5_USE_16_API  -I/include -mt_mpi -DMPICH_IGNORE_CXX_SEEK -DMPICH_SKIP_MPICXX -I/util/academic/petsc/3.5.3/linux-impi/include -I/util/academic/petsc/3.5.3/include -DH5_USE_16_API  -I/include -DH5_USE_16_API conftest.cpp >&5
conftest.cpp: In function 'int main()':
conftest.cpp:70:20: error: expected primary-expression before ')' token
 if (sizeof ((size_t)))
                    ^
configure:6471: $? = 1
configure: failed program was:
| /* confdefs.h */
| #define PACKAGE_NAME "titan"
| #define PACKAGE_TARNAME "titan"
| #define PACKAGE_VERSION "2.0.2"
| #define PACKAGE_STRING "titan 2.0.2"
| #define PACKAGE_BUGREPORT ""
| #define PACKAGE_URL ""
| #define PACKAGE "titan"
| #define VERSION "2.0.2"
| #define HAVE_LIBPTHREAD 1
| #define HAVE_LIBHDF5 1
| #define HAVE_HDF5 1
| #define HAVE_LIBM 1
| #define HAVE_LIBZ 1
| #define HAVE_LIBNSL 1
| #define STDC_HEADERS 1
| #define HAVE_SYS_TYPES_H 1
| #define HAVE_SYS_STAT_H 1
| #define HAVE_STDLIB_H 1
| #define HAVE_STRING_H 1
| #define HAVE_MEMORY_H 1
| #define HAVE_STRINGS_H 1
| #define HAVE_INTTYPES_H 1
| #define HAVE_STDINT_H 1
| #define HAVE_UNISTD_H 1
| #define HAVE_LIMITS_H 1
| #define HAVE_MALLOC_H 1
| #define HAVE_STDLIB_H 1
| #define HAVE_STRING_H 1
| #define HAVE_MPI_H 1
| #define HAVE_HDF5_H 1
| #define HAVE_STDBOOL_H 1
| /* end confdefs.h.  */
| #include <stdio.h>
| #ifdef HAVE_SYS_TYPES_H
| # include <sys/types.h>
| #endif
| #ifdef HAVE_SYS_STAT_H
| # include <sys/stat.h>
| #endif
| #ifdef STDC_HEADERS
| # include <stdlib.h>
| # include <stddef.h>
| #else
| # ifdef HAVE_STDLIB_H
| #  include <stdlib.h>
| # endif
| #endif
| #ifdef HAVE_STRING_H
| # if !defined STDC_HEADERS && defined HAVE_MEMORY_H
| #  include <memory.h>
| # endif
| # include <string.h>
| #endif
| #ifdef HAVE_STRINGS_H
| # include <strings.h>
| #endif
| #ifdef HAVE_INTTYPES_H
| # include <inttypes.h>
| #endif
| #ifdef HAVE_STDINT_H
| # include <stdint.h>
| #endif
| #ifdef HAVE_UNISTD_H
| # include <unistd.h>
| #endif
| int
| main ()
| {
| if (sizeof ((size_t)))
| 	    return 0;
|   ;
|   return 0;
| }
configure:6471: result: yes
configure:6485: checking whether sys/types.h defines makedev
configure:6501: mpicxx -o conftest -mt_mpi -DMPICH_IGNORE_CXX_SEEK -DMPICH_SKIP_MPICXX -I/util/academic/petsc/3.5.3/linux-impi/include -I/util/academic/petsc/3.5.3/include -DH5_USE_16_API  -I/include -mt_mpi -DMPICH_IGNORE_CXX_SEEK -DMPICH_SKIP_MPICXX -I/util/academic/petsc/3.5.3/linux-impi/include -I/util/academic/petsc/3.5.3/include -DH5_USE_16_API  -I/include -DH5_USE_16_API  -L/util/academic/petsc/3.5.3/linux-impi/lib -L/lib conftest.cpp -lnsl -lz -lm -lhdf5 -lpthread -lpetsc >&5
/usr/bin/ld: warning: libhdf5.so.6, needed by /util/academic/petsc/3.5.3/linux-impi/lib/libpetsc.so, may conflict with libhdf5.so.8
configure:6501: $? = 0
configure:6510: result: yes
configure:6538: checking for floor
configure:6538: mpicxx -o conftest -mt_mpi -DMPICH_IGNORE_CXX_SEEK -DMPICH_SKIP_MPICXX -I/util/academic/petsc/3.5.3/linux-impi/include -I/util/academic/petsc/3.5.3/include -DH5_USE_16_API  -I/include -mt_mpi -DMPICH_IGNORE_CXX_SEEK -DMPICH_SKIP_MPICXX -I/util/academic/petsc/3.5.3/linux-impi/include -I/util/academic/petsc/3.5.3/include -DH5_USE_16_API  -I/include -DH5_USE_16_API  -L/util/academic/petsc/3.5.3/linux-impi/lib -L/lib conftest.cpp -lnsl -lz -lm -lhdf5 -lpthread -lpetsc >&5
/usr/bin/ld: warning: libhdf5.so.6, needed by /util/academic/petsc/3.5.3/linux-impi/lib/libpetsc.so, may conflict with libhdf5.so.8
configure:6538: $? = 0
configure:6538: result: yes
configure:6538: checking for pow
configure:6538: mpicxx -o conftest -mt_mpi -DMPICH_IGNORE_CXX_SEEK -DMPICH_SKIP_MPICXX -I/util/academic/petsc/3.5.3/linux-impi/include -I/util/academic/petsc/3.5.3/include -DH5_USE_16_API  -I/include -mt_mpi -DMPICH_IGNORE_CXX_SEEK -DMPICH_SKIP_MPICXX -I/util/academic/petsc/3.5.3/linux-impi/include -I/util/academic/petsc/3.5.3/include -DH5_USE_16_API  -I/include -DH5_USE_16_API  -L/util/academic/petsc/3.5.3/linux-impi/lib -L/lib conftest.cpp -lnsl -lz -lm -lhdf5 -lpthread -lpetsc >&5
/usr/bin/ld: warning: libhdf5.so.6, needed by /util/academic/petsc/3.5.3/linux-impi/lib/libpetsc.so, may conflict with libhdf5.so.8
configure:6538: $? = 0
configure:6538: result: yes
configure:6538: checking for sqrt
configure:6538: mpicxx -o conftest -mt_mpi -DMPICH_IGNORE_CXX_SEEK -DMPICH_SKIP_MPICXX -I/util/academic/petsc/3.5.3/linux-impi/include -I/util/academic/petsc/3.5.3/include -DH5_USE_16_API  -I/include -mt_mpi -DMPICH_IGNORE_CXX_SEEK -DMPICH_SKIP_MPICXX -I/util/academic/petsc/3.5.3/linux-impi/include -I/util/academic/petsc/3.5.3/include -DH5_USE_16_API  -I/include -DH5_USE_16_API  -L/util/academic/petsc/3.5.3/linux-impi/lib -L/lib conftest.cpp -lnsl -lz -lm -lhdf5 -lpthread -lpetsc >&5
/usr/bin/ld: warning: libhdf5.so.6, needed by /util/academic/petsc/3.5.3/linux-impi/lib/libpetsc.so, may conflict with libhdf5.so.8
configure:6538: $? = 0
configure:6538: result: yes
configure:6538: checking for strchr
configure:6538: mpicxx -o conftest -mt_mpi -DMPICH_IGNORE_CXX_SEEK -DMPICH_SKIP_MPICXX -I/util/academic/petsc/3.5.3/linux-impi/include -I/util/academic/petsc/3.5.3/include -DH5_USE_16_API  -I/include -mt_mpi -DMPICH_IGNORE_CXX_SEEK -DMPICH_SKIP_MPICXX -I/util/academic/petsc/3.5.3/linux-impi/include -I/util/academic/petsc/3.5.3/include -DH5_USE_16_API  -I/include -DH5_USE_16_API  -L/util/academic/petsc/3.5.3/linux-impi/lib -L/lib conftest.cpp -lnsl -lz -lm -lhdf5 -lpthread -lpetsc >&5
/usr/bin/ld: warning: libhdf5.so.6, needed by /util/academic/petsc/3.5.3/linux-impi/lib/libpetsc.so, may conflict with libhdf5.so.8
configure:6538: $? = 0
configure:6538: result: yes
configure:6538: checking for strdup
configure:6538: mpicxx -o conftest -mt_mpi -DMPICH_IGNORE_CXX_SEEK -DMPICH_SKIP_MPICXX -I/util/academic/petsc/3.5.3/linux-impi/include -I/util/academic/petsc/3.5.3/include -DH5_USE_16_API  -I/include -mt_mpi -DMPICH_IGNORE_CXX_SEEK -DMPICH_SKIP_MPICXX -I/util/academic/petsc/3.5.3/linux-impi/include -I/util/academic/petsc/3.5.3/include -DH5_USE_16_API  -I/include -DH5_USE_16_API  -L/util/academic/petsc/3.5.3/linux-impi/lib -L/lib conftest.cpp -lnsl -lz -lm -lhdf5 -lpthread -lpetsc >&5
/usr/bin/ld: warning: libhdf5.so.6, needed by /util/academic/petsc/3.5.3/linux-impi/lib/libpetsc.so, may conflict with libhdf5.so.8
configure:6538: $? = 0
configure:6538: result: yes
configure:6659: checking that generated files are newer than configure
configure:6665: result: done
configure:6700: creating ./config.status

## ---------------------- ##
## Running config.status. ##
## ---------------------- ##

This file was extended by titan config.status 2.0.2, which was
generated by GNU Autoconf 2.69.  Invocation command line was

  CONFIG_FILES    = 
  CONFIG_HEADERS  = 
  CONFIG_LINKS    = 
  CONFIG_COMMANDS = 
  $ ./config.status 

on srv-k07-14.cbls.ccr.buffalo.edu

config.status:911: creating Makefile
config.status:911: creating scripts/Makefile
config.status:911: creating src/Makefile
config.status:911: creating src/adapt/Makefile
config.status:911: creating src/datstr/Makefile
config.status:911: creating src/geoflow/Makefile
config.status:911: creating src/gisapi/Makefile
config.status:911: creating src/header/Makefile
config.status:911: creating src/main/Makefile
config.status:911: creating src/preproc/Makefile
config.status:911: creating src/repartition/Makefile
config.status:911: creating src/stochastic/Makefile
config.status:911: creating src/tecplot/Makefile
config.status:911: creating src/useful/Makefile
config.status:911: creating src/vectordatapreproc/Makefile
config.status:911: creating config.h
config.status:1140: executing depfiles commands

## ---------------- ##
## Cache variables. ##
## ---------------- ##

ac_cv_build=x86_64-redhat-linux-gnu
ac_cv_c_compiler_gnu=yes
ac_cv_c_const=yes
ac_cv_c_inline=inline
ac_cv_cxx_compiler_gnu=yes
ac_cv_env_CCC_set=
ac_cv_env_CCC_value=
ac_cv_env_CC_set=set
ac_cv_env_CC_value=mpicc
ac_cv_env_CFLAGS_set=set
ac_cv_env_CFLAGS_value='-mt_mpi -DMPICH_IGNORE_CXX_SEEK -DMPICH_SKIP_MPICXX -I/util/academic/petsc/3.5.3/linux-impi/include -I/util/academic/petsc/3.5.3/include -DH5_USE_16_API'
ac_cv_env_CPPFLAGS_set=set
ac_cv_env_CPPFLAGS_value='-mt_mpi -DMPICH_IGNORE_CXX_SEEK -DMPICH_SKIP_MPICXX -I/util/academic/petsc/3.5.3/linux-impi/include -I/util/academic/petsc/3.5.3/include -DH5_USE_16_API'
ac_cv_env_CPP_set=
ac_cv_env_CPP_value=
ac_cv_env_CXXCPP_set=
ac_cv_env_CXXCPP_value=
ac_cv_env_CXXFLAGS_set=set
ac_cv_env_CXXFLAGS_value='-mt_mpi -DMPICH_IGNORE_CXX_SEEK -DMPICH_SKIP_MPICXX -I/util/academic/petsc/3.5.3/linux-impi/include -I/util/academic/petsc/3.5.3/include -DH5_USE_16_API'
ac_cv_env_CXX_set=set
ac_cv_env_CXX_value=mpicxx
ac_cv_env_F77_set=
ac_cv_env_F77_value=
ac_cv_env_FFLAGS_set=
ac_cv_env_FFLAGS_value=
ac_cv_env_LDFLAGS_set=set
ac_cv_env_LDFLAGS_value=' -L/util/academic/petsc/3.5.3/linux-impi/lib'
ac_cv_env_LIBS_set=set
ac_cv_env_LIBS_value=-lpetsc
ac_cv_env_build_alias_set=
ac_cv_env_build_alias_value=
ac_cv_env_host_alias_set=
ac_cv_env_host_alias_value=
ac_cv_env_target_alias_set=
ac_cv_env_target_alias_value=
ac_cv_f77_compiler_gnu=yes
ac_cv_f77_libs=' -L/util/academic/petsc/3.5.3/linux-impi/lib -L/usr/lib/gcc/x86_64-redhat-linux/4.8.3 -L/usr/lib/gcc/x86_64-redhat-linux/4.8.3/../../../../lib64 -L/lib/../lib64 -L/usr/lib/../lib64 -L/usr/lib/gcc/x86_64-redhat-linux/4.8.3/../../.. -lpetsc -lgfortran -lm -lquadmath'
ac_cv_func_floor=yes
ac_cv_func_pow=yes
ac_cv_func_sqrt=yes
ac_cv_func_strchr=yes
ac_cv_func_strdup=yes
ac_cv_header_hdf5_h=yes
ac_cv_header_inttypes_h=yes
ac_cv_header_limits_h=yes
ac_cv_header_malloc_h=yes
ac_cv_header_memory_h=yes
ac_cv_header_mpi_h=yes
ac_cv_header_stdbool_h=yes
ac_cv_header_stdc=yes
ac_cv_header_stdint_h=yes
ac_cv_header_stdlib_h=yes
ac_cv_header_string_h=yes
ac_cv_header_strings_h=yes
ac_cv_header_sys_stat_h=yes
ac_cv_header_sys_types_h=yes
ac_cv_header_sys_types_h_makedev=yes
ac_cv_header_unistd_h=yes
ac_cv_host=x86_64-redhat-linux-gnu
ac_cv_lib_gis_G_gisinit=no
ac_cv_lib_hdf5_H5open=yes
ac_cv_lib_m_matherr=yes
ac_cv_lib_nsl_inet_ntoa=yes
ac_cv_lib_pthread_pthread_create=yes
ac_cv_lib_z_gzdopen=yes
ac_cv_objext=o
ac_cv_path_EGREP='/usr/bin/grep -E'
ac_cv_path_GREP=/usr/bin/grep
ac_cv_path_install='/usr/bin/install -c'
ac_cv_path_mkdir=/usr/bin/mkdir
ac_cv_prog_AWK=gawk
ac_cv_prog_CPP='mpicc -E'
ac_cv_prog_CXXCPP='mpicxx -E'
ac_cv_prog_ac_ct_CC=mpicc
ac_cv_prog_ac_ct_F77=gfortran
ac_cv_prog_ac_ct_RANLIB=ranlib
ac_cv_prog_cc_c89=
ac_cv_prog_cc_g=yes
ac_cv_prog_cxx_g=yes
ac_cv_prog_f77_g=yes
ac_cv_prog_f77_v=-v
ac_cv_prog_make_make_set=yes
ac_cv_sys_file_offset_bits=no
ac_cv_sys_largefile_CC=no
ac_cv_type__Bool=no
ac_cv_type_size_t=yes
am_cv_CC_dependencies_compiler_type=gcc3
am_cv_CXX_dependencies_compiler_type=gcc3
am_cv_make_support_nested_variables=yes

## ----------------- ##
## Output variables. ##
## ----------------- ##

ACLOCAL='aclocal-1.13'
AMDEPBACKSLASH='\'
AMDEP_FALSE='#'
AMDEP_TRUE=''
AMTAR='$${TAR-tar}'
AM_BACKSLASH='\'
AM_DEFAULT_V='$(AM_DEFAULT_VERBOSITY)'
AM_DEFAULT_VERBOSITY='1'
AM_V='$(V)'
AUTOCONF='autoconf'
AUTOHEADER='autoheader'
AUTOMAKE='automake-1.13'
AWK='gawk'
CC='mpicc'
CCDEPMODE='depmode=gcc3'
CFLAGS='-mt_mpi -DMPICH_IGNORE_CXX_SEEK -DMPICH_SKIP_MPICXX -I/util/academic/petsc/3.5.3/linux-impi/include -I/util/academic/petsc/3.5.3/include -DH5_USE_16_API -I/include'
CPP='mpicc -E'
CPPFLAGS='-mt_mpi -DMPICH_IGNORE_CXX_SEEK -DMPICH_SKIP_MPICXX -I/util/academic/petsc/3.5.3/linux-impi/include -I/util/academic/petsc/3.5.3/include -DH5_USE_16_API  -I/include -DH5_USE_16_API'
CXX='mpicxx'
CXXCPP='mpicxx -E'
CXXDEPMODE='depmode=gcc3'
CXXFLAGS='-mt_mpi -DMPICH_IGNORE_CXX_SEEK -DMPICH_SKIP_MPICXX -I/util/academic/petsc/3.5.3/linux-impi/include -I/util/academic/petsc/3.5.3/include -DH5_USE_16_API  -I/include'
CYGPATH_W='echo'
DEFS='-DHAVE_CONFIG_H'
DEPDIR='.deps'
ECHO_C=''
ECHO_N='-n'
ECHO_T=''
EGREP='/usr/bin/grep -E'
EXEEXT=''
F77='gfortran'
FFLAGS='-g -O2'
FLIBS=' -L/util/academic/petsc/3.5.3/linux-impi/lib -L/usr/lib/gcc/x86_64-redhat-linux/4.8.3 -L/usr/lib/gcc/x86_64-redhat-linux/4.8.3/../../../../lib64 -L/lib/../lib64 -L/usr/lib/../lib64 -L/usr/lib/gcc/x86_64-redhat-linux/4.8.3/../../.. -lpetsc -lgfortran -lm -lquadmath'
GREP='/usr/bin/grep'
HAVE_HDF5_FALSE='#'
HAVE_HDF5_TRUE=''
INSTALL_DATA='${INSTALL} -m 644'
INSTALL_PROGRAM='${INSTALL}'
INSTALL_SCRIPT='${INSTALL}'
INSTALL_STRIP_PROGRAM='$(install_sh) -c -s'
LDFLAGS=' -L/util/academic/petsc/3.5.3/linux-impi/lib -L/lib'
LIBOBJS=''
LIBS='-lnsl -lz -lm -lhdf5 -lpthread -lpetsc'
LN_S='ln -s'
LTLIBOBJS=''
MAKEINFO='makeinfo'
MKDIR_P='/usr/bin/mkdir -p'
OBJEXT='o'
PACKAGE='titan'
PACKAGE_BUGREPORT=''
PACKAGE_NAME='titan'
PACKAGE_STRING='titan 2.0.2'
PACKAGE_TARNAME='titan'
PACKAGE_URL=''
PACKAGE_VERSION='2.0.2'
PATH_SEPARATOR=':'
RANLIB='ranlib'
SET_MAKE=''
SHELL='/bin/sh'
STRIP=''
VERSION='2.0.2'
ac_ct_CC='mpicc'
ac_ct_CXX=''
ac_ct_F77='gfortran'
am__EXEEXT_FALSE=''
am__EXEEXT_TRUE='#'
am__fastdepCC_FALSE='#'
am__fastdepCC_TRUE=''
am__fastdepCXX_FALSE='#'
am__fastdepCXX_TRUE=''
am__include='include'
am__isrc=''
am__leading_dot='.'
am__nodep='_no'
am__quote=''
am__tar='$${TAR-tar} chof - "$$tardir"'
am__untar='$${TAR-tar} xf -'
bindir='${exec_prefix}/bin'
build='x86_64-redhat-linux-gnu'
build_alias=''
build_cpu='x86_64'
build_os='linux-gnu'
build_vendor='redhat'
datadir='${datarootdir}'
datarootdir='${prefix}/share'
docdir='${datarootdir}/doc/${PACKAGE_TARNAME}'
dvidir='${docdir}'
exec_prefix='${prefix}'
host='x86_64-redhat-linux-gnu'
host_alias=''
host_cpu='x86_64'
host_os='linux-gnu'
host_vendor='redhat'
htmldir='${docdir}'
includedir='${prefix}/include'
infodir='${datarootdir}/info'
install_sh='${SHELL} /projects/gmfg/Hossein/thin_layer_codes/phase_field/install-sh'
libdir='${exec_prefix}/lib'
libexecdir='${exec_prefix}/libexec'
localedir='${datarootdir}/locale'
localstatedir='${prefix}/var'
mandir='${datarootdir}/man'
mkdir_p='$(MKDIR_P)'
oldincludedir='/usr/include'
pdfdir='${docdir}'
prefix='/projects/gmfg/Hossein/thin_layer_codes/phase_field'
program_transform_name='s,x,x,'
psdir='${docdir}'
sbindir='${exec_prefix}/sbin'
sharedstatedir='${prefix}/com'
sysconfdir='${prefix}/etc'
target_alias=''

## ----------- ##
## confdefs.h. ##
## ----------- ##

/* confdefs.h */
#define PACKAGE_NAME "titan"
#define PACKAGE_TARNAME "titan"
#define PACKAGE_VERSION "2.0.2"
#define PACKAGE_STRING "titan 2.0.2"
#define PACKAGE_BUGREPORT ""
#define PACKAGE_URL ""
#define PACKAGE "titan"
#define VERSION "2.0.2"
#define HAVE_LIBPTHREAD 1
#define HAVE_LIBHDF5 1
#define HAVE_HDF5 1
#define HAVE_LIBM 1
#define HAVE_LIBZ 1
#define HAVE_LIBNSL 1
#define STDC_HEADERS 1
#define HAVE_SYS_TYPES_H 1
#define HAVE_SYS_STAT_H 1
#define HAVE_STDLIB_H 1
#define HAVE_STRING_H 1
#define HAVE_MEMORY_H 1
#define HAVE_STRINGS_H 1
#define HAVE_INTTYPES_H 1
#define HAVE_STDINT_H 1
#define HAVE_UNISTD_H 1
#define HAVE_LIMITS_H 1
#define HAVE_MALLOC_H 1
#define HAVE_STDLIB_H 1
#define HAVE_STRING_H 1
#define HAVE_MPI_H 1
#define HAVE_HDF5_H 1
#define HAVE_STDBOOL_H 1
#define HAVE_FLOOR 1
#define HAVE_POW 1
#define HAVE_SQRT 1
#define HAVE_STRCHR 1
#define HAVE_STRDUP 1

configure: exit 0
